INFO: localdir at /localscratch/5587521.lucia.trastulla
INFO: your job will run on local system.
current config is Namespace(method='code_base', norm_flag=True, gex_feature_file='/group/iorio/lucia/Multiomic_VAE/data_preprocessing/gene_expression_var1000_tcgaonly.csv.gz', samples='tcgaonly', ngene='var1000', root='/group/iorio/lucia/Multiomic_VAE/', norm_feat=False)
cuda
/group/iorio/lucia/Multiomic_VAE/output/model_save/code_base_norm/train_num_epochs_1000_dop_0.0_samples_tcgaonly_ngene_var1000_norm_feat_flag_False exists!
/group/iorio/lucia/Multiomic_VAE/output/model_save/code_base_norm/train_num_epochs_1000_dop_0.0_samples_tcgaonly_ngene_var1000_norm_feat_flag_False
AE training epoch 0
AE training epoch 50
AE training epoch 100
AE training epoch 150
AE training epoch 200
AE training epoch 250
AE training epoch 300
AE training epoch 350
AE training epoch 400
AE training epoch 450
AE training epoch 500
AE training epoch 550
AE training epoch 600
AE training epoch 650
AE training epoch 700
AE training epoch 750
AE training epoch 800
AE training epoch 850
AE training epoch 900
AE training epoch 950
current config is Namespace(method='code_base', norm_flag=True, gex_feature_file='/group/iorio/lucia/Multiomic_VAE/data_preprocessing/gene_expression_var1000_tcgaonly.csv.gz', samples='tcgaonly', ngene='var1000', root='/group/iorio/lucia/Multiomic_VAE/', norm_feat=True)
cuda
/group/iorio/lucia/Multiomic_VAE/output/model_save/code_base_norm/train_num_epochs_1000_dop_0.0_samples_tcgaonly_ngene_var1000_norm_feat_flag_True exists!
/group/iorio/lucia/Multiomic_VAE/output/model_save/code_base_norm/train_num_epochs_1000_dop_0.0_samples_tcgaonly_ngene_var1000_norm_feat_flag_True
AE training epoch 0
AE training epoch 50
AE training epoch 100
AE training epoch 150
AE training epoch 200
AE training epoch 250
AE training epoch 300
AE training epoch 350
AE training epoch 400
AE training epoch 450
AE training epoch 500
AE training epoch 550
AE training epoch 600
AE training epoch 650
AE training epoch 700
AE training epoch 750
AE training epoch 800
AE training epoch 850
AE training epoch 900
AE training epoch 950
current config is Namespace(method='code_base', norm_flag=True, gex_feature_file='/group/iorio/lucia/Multiomic_VAE/data_preprocessing/gene_expression_var5000_tcgaonly.csv.gz', samples='tcgaonly', ngene='var5000', root='/group/iorio/lucia/Multiomic_VAE/', norm_feat=False)
cuda
/group/iorio/lucia/Multiomic_VAE/output/model_save/code_base_norm/train_num_epochs_1000_dop_0.0_samples_tcgaonly_ngene_var5000_norm_feat_flag_False exists!
/group/iorio/lucia/Multiomic_VAE/output/model_save/code_base_norm/train_num_epochs_1000_dop_0.0_samples_tcgaonly_ngene_var5000_norm_feat_flag_False
AE training epoch 0
AE training epoch 50
AE training epoch 100
AE training epoch 150
AE training epoch 200
AE training epoch 250
AE training epoch 300
AE training epoch 350
AE training epoch 400
AE training epoch 450
AE training epoch 500
AE training epoch 550
AE training epoch 600
AE training epoch 650
AE training epoch 700
AE training epoch 750
AE training epoch 800
AE training epoch 850
AE training epoch 900
AE training epoch 950
current config is Namespace(method='code_base', norm_flag=True, gex_feature_file='/group/iorio/lucia/Multiomic_VAE/data_preprocessing/gene_expression_var5000_tcgaonly.csv.gz', samples='tcgaonly', ngene='var5000', root='/group/iorio/lucia/Multiomic_VAE/', norm_feat=True)
cuda
/group/iorio/lucia/Multiomic_VAE/output/model_save/code_base_norm/train_num_epochs_1000_dop_0.0_samples_tcgaonly_ngene_var5000_norm_feat_flag_True exists!
/group/iorio/lucia/Multiomic_VAE/output/model_save/code_base_norm/train_num_epochs_1000_dop_0.0_samples_tcgaonly_ngene_var5000_norm_feat_flag_True
AE training epoch 0
AE training epoch 50
AE training epoch 100
AE training epoch 150
AE training epoch 200
AE training epoch 250
AE training epoch 300
AE training epoch 350
AE training epoch 400
AE training epoch 450
AE training epoch 500
AE training epoch 550
AE training epoch 600
AE training epoch 650
AE training epoch 700
AE training epoch 750
AE training epoch 800
AE training epoch 850
AE training epoch 900
AE training epoch 950
current config is Namespace(method='code_base', norm_flag=True, gex_feature_file='/group/iorio/lucia/Multiomic_VAE/data_preprocessing/gene_expression_all.csv.gz', samples='tcgaonly', ngene='all', root='/group/iorio/lucia/Multiomic_VAE/', norm_feat=False)
cuda
/group/iorio/lucia/Multiomic_VAE/output/model_save/code_base_norm/train_num_epochs_1000_dop_0.0_samples_tcgaonly_ngene_all_norm_feat_flag_False exists!
/group/iorio/lucia/Multiomic_VAE/output/model_save/code_base_norm/train_num_epochs_1000_dop_0.0_samples_tcgaonly_ngene_all_norm_feat_flag_False
AE training epoch 0
AE training epoch 50
AE training epoch 100
AE training epoch 150
AE training epoch 200
AE training epoch 250
AE training epoch 300
AE training epoch 350
AE training epoch 400
AE training epoch 450
AE training epoch 500
AE training epoch 550
AE training epoch 600
AE training epoch 650
AE training epoch 700
AE training epoch 750
AE training epoch 800
AE training epoch 850
AE training epoch 900
AE training epoch 950
current config is Namespace(method='code_base', norm_flag=True, gex_feature_file='/group/iorio/lucia/Multiomic_VAE/data_preprocessing/gene_expression_all.csv.gz', samples='tcgaonly', ngene='all', root='/group/iorio/lucia/Multiomic_VAE/', norm_feat=True)
cuda
/group/iorio/lucia/Multiomic_VAE/output/model_save/code_base_norm/train_num_epochs_1000_dop_0.0_samples_tcgaonly_ngene_all_norm_feat_flag_True exists!
/group/iorio/lucia/Multiomic_VAE/output/model_save/code_base_norm/train_num_epochs_1000_dop_0.0_samples_tcgaonly_ngene_all_norm_feat_flag_True
AE training epoch 0
AE training epoch 50
AE training epoch 100
AE training epoch 150
AE training epoch 200
AE training epoch 250
AE training epoch 300
AE training epoch 350
AE training epoch 400
AE training epoch 450
AE training epoch 500
AE training epoch 550
AE training epoch 600
AE training epoch 650
AE training epoch 700
AE training epoch 750
AE training epoch 800
AE training epoch 850
AE training epoch 900
AE training epoch 950
current config is Namespace(method='code_base', norm_flag=True, gex_feature_file='/group/iorio/lucia/Multiomic_VAE/data_preprocessing/gene_expression_var1000.csv.gz', samples='', ngene='var1000', root='/group/iorio/lucia/Multiomic_VAE/', norm_feat=False)
cuda
/group/iorio/lucia/Multiomic_VAE/output/model_save/code_base_norm/train_num_epochs_1000_dop_0.0_samples__ngene_var1000_norm_feat_flag_False exists!
/group/iorio/lucia/Multiomic_VAE/output/model_save/code_base_norm/train_num_epochs_1000_dop_0.0_samples__ngene_var1000_norm_feat_flag_False
AE training epoch 0
AE training epoch 50
AE training epoch 100
AE training epoch 150
AE training epoch 200
AE training epoch 250
AE training epoch 300
AE training epoch 350
AE training epoch 400
AE training epoch 450
AE training epoch 500
AE training epoch 550
AE training epoch 600
AE training epoch 650
AE training epoch 700
AE training epoch 750
AE training epoch 800
AE training epoch 850
AE training epoch 900
AE training epoch 950
current config is Namespace(method='code_base', norm_flag=True, gex_feature_file='/group/iorio/lucia/Multiomic_VAE/data_preprocessing/gene_expression_var1000.csv.gz', samples='', ngene='var1000', root='/group/iorio/lucia/Multiomic_VAE/', norm_feat=True)
cuda
/group/iorio/lucia/Multiomic_VAE/output/model_save/code_base_norm/train_num_epochs_1000_dop_0.0_samples__ngene_var1000_norm_feat_flag_True exists!
/group/iorio/lucia/Multiomic_VAE/output/model_save/code_base_norm/train_num_epochs_1000_dop_0.0_samples__ngene_var1000_norm_feat_flag_True
AE training epoch 0
AE training epoch 50
AE training epoch 100
AE training epoch 150
AE training epoch 200
AE training epoch 250
AE training epoch 300
AE training epoch 350
AE training epoch 400
AE training epoch 450
AE training epoch 500
AE training epoch 550
AE training epoch 600
AE training epoch 650
AE training epoch 700
AE training epoch 750
AE training epoch 800
AE training epoch 850
AE training epoch 900
AE training epoch 950
current config is Namespace(method='code_base', norm_flag=True, gex_feature_file='/group/iorio/lucia/Multiomic_VAE/data_preprocessing/gene_expression_var5000.csv.gz', samples='', ngene='var5000', root='/group/iorio/lucia/Multiomic_VAE/', norm_feat=False)
cuda
/group/iorio/lucia/Multiomic_VAE/output/model_save/code_base_norm/train_num_epochs_1000_dop_0.0_samples__ngene_var5000_norm_feat_flag_False exists!
/group/iorio/lucia/Multiomic_VAE/output/model_save/code_base_norm/train_num_epochs_1000_dop_0.0_samples__ngene_var5000_norm_feat_flag_False
AE training epoch 0
AE training epoch 50
AE training epoch 100
AE training epoch 150
AE training epoch 200
AE training epoch 250
AE training epoch 300
AE training epoch 350
AE training epoch 400
AE training epoch 450
AE training epoch 500
AE training epoch 550
AE training epoch 600
AE training epoch 650
AE training epoch 700
AE training epoch 750
AE training epoch 800
AE training epoch 850
AE training epoch 900
AE training epoch 950
current config is Namespace(method='code_base', norm_flag=True, gex_feature_file='/group/iorio/lucia/Multiomic_VAE/data_preprocessing/gene_expression_var5000.csv.gz', samples='', ngene='var5000', root='/group/iorio/lucia/Multiomic_VAE/', norm_feat=True)
cuda
/group/iorio/lucia/Multiomic_VAE/output/model_save/code_base_norm/train_num_epochs_1000_dop_0.0_samples__ngene_var5000_norm_feat_flag_True exists!
/group/iorio/lucia/Multiomic_VAE/output/model_save/code_base_norm/train_num_epochs_1000_dop_0.0_samples__ngene_var5000_norm_feat_flag_True
AE training epoch 0
AE training epoch 50
AE training epoch 100
AE training epoch 150
AE training epoch 200
AE training epoch 250
AE training epoch 300
AE training epoch 350
AE training epoch 400
AE training epoch 450
AE training epoch 500
AE training epoch 550
AE training epoch 600
AE training epoch 650
AE training epoch 700
AE training epoch 750
AE training epoch 800
AE training epoch 850
AE training epoch 900
AE training epoch 950
current config is Namespace(method='code_base', norm_flag=True, gex_feature_file='/group/iorio/lucia/Multiomic_VAE/data_preprocessing/gene_expression_all.csv.gz', samples='', ngene='all', root='/group/iorio/lucia/Multiomic_VAE/', norm_feat=False)
cuda
/group/iorio/lucia/Multiomic_VAE/output/model_save/code_base_norm/train_num_epochs_1000_dop_0.0_samples__ngene_all_norm_feat_flag_False exists!
/group/iorio/lucia/Multiomic_VAE/output/model_save/code_base_norm/train_num_epochs_1000_dop_0.0_samples__ngene_all_norm_feat_flag_False
AE training epoch 0
AE training epoch 50
AE training epoch 100
AE training epoch 150
AE training epoch 200
AE training epoch 250
AE training epoch 300
AE training epoch 350
AE training epoch 400
AE training epoch 450
AE training epoch 500
AE training epoch 550
AE training epoch 600
AE training epoch 650
AE training epoch 700
AE training epoch 750
AE training epoch 800
AE training epoch 850
AE training epoch 900
AE training epoch 950
current config is Namespace(method='code_base', norm_flag=True, gex_feature_file='/group/iorio/lucia/Multiomic_VAE/data_preprocessing/gene_expression_all.csv.gz', samples='', ngene='all', root='/group/iorio/lucia/Multiomic_VAE/', norm_feat=True)
cuda
/group/iorio/lucia/Multiomic_VAE/output/model_save/code_base_norm/train_num_epochs_1000_dop_0.0_samples__ngene_all_norm_feat_flag_True exists!
/group/iorio/lucia/Multiomic_VAE/output/model_save/code_base_norm/train_num_epochs_1000_dop_0.0_samples__ngene_all_norm_feat_flag_True
AE training epoch 0
AE training epoch 50
AE training epoch 100
AE training epoch 150
AE training epoch 200
AE training epoch 250
AE training epoch 300
AE training epoch 350
AE training epoch 400
AE training epoch 450
AE training epoch 500
AE training epoch 550
AE training epoch 600
AE training epoch 650
AE training epoch 700
AE training epoch 750
AE training epoch 800
AE training epoch 850
AE training epoch 900
AE training epoch 950
