INFO: localdir at /localscratch/5426167.lucia.trastulla
INFO: your job will run on local system.
current config is Namespace(method='code_adv', norm_flag=True, gex_feature_file='/group/iorio/lucia/Multiomic_VAE/data_preprocessing/gene_expression_var1000_tcgaonly.csv.gz', samples='tcgaonly', ngene='var1000', root='/group/iorio/lucia/Multiomic_VAE/', norm_feat=False)
cuda
/group/iorio/lucia/Multiomic_VAE/output/model_save/code_adv_norm/pretrain_num_epochs_500_train_num_epochs_1000_dop_0.0_samples_tcgaonly_ngene_var1000_norm_feat_flag_False
AE training epoch 0
AE training epoch 50
AE training epoch 100
AE training epoch 150
AE training epoch 200
AE training epoch 250
AE training epoch 300
AE training epoch 350
AE training epoch 400
AE training epoch 450
confounder wgan training epoch 0
confounder wgan training epoch 50
confounder wgan training epoch 100
confounder wgan training epoch 150
confounder wgan training epoch 200
confounder wgan training epoch 250
confounder wgan training epoch 300
confounder wgan training epoch 350
confounder wgan training epoch 400
confounder wgan training epoch 450
confounder wgan training epoch 500
confounder wgan training epoch 550
confounder wgan training epoch 600
confounder wgan training epoch 650
confounder wgan training epoch 700
confounder wgan training epoch 750
confounder wgan training epoch 800
confounder wgan training epoch 850
confounder wgan training epoch 900
confounder wgan training epoch 950
current config is Namespace(method='code_adv', norm_flag=True, gex_feature_file='/group/iorio/lucia/Multiomic_VAE/data_preprocessing/gene_expression_var1000_tcgaonly.csv.gz', samples='tcgaonly', ngene='var1000', root='/group/iorio/lucia/Multiomic_VAE/', norm_feat=True)
cuda
/group/iorio/lucia/Multiomic_VAE/output/model_save/code_adv_norm/pretrain_num_epochs_500_train_num_epochs_1000_dop_0.0_samples_tcgaonly_ngene_var1000_norm_feat_flag_True
AE training epoch 0
AE training epoch 50
AE training epoch 100
AE training epoch 150
AE training epoch 200
AE training epoch 250
AE training epoch 300
AE training epoch 350
AE training epoch 400
AE training epoch 450
confounder wgan training epoch 0
confounder wgan training epoch 50
confounder wgan training epoch 100
confounder wgan training epoch 150
confounder wgan training epoch 200
confounder wgan training epoch 250
confounder wgan training epoch 300
confounder wgan training epoch 350
confounder wgan training epoch 400
confounder wgan training epoch 450
confounder wgan training epoch 500
confounder wgan training epoch 550
confounder wgan training epoch 600
confounder wgan training epoch 650
confounder wgan training epoch 700
confounder wgan training epoch 750
confounder wgan training epoch 800
confounder wgan training epoch 850
confounder wgan training epoch 900
confounder wgan training epoch 950
current config is Namespace(method='code_adv', norm_flag=True, gex_feature_file='/group/iorio/lucia/Multiomic_VAE/data_preprocessing/gene_expression_var5000_tcgaonly.csv.gz', samples='tcgaonly', ngene='var5000', root='/group/iorio/lucia/Multiomic_VAE/', norm_feat=False)
cuda
/group/iorio/lucia/Multiomic_VAE/output/model_save/code_adv_norm/pretrain_num_epochs_500_train_num_epochs_1000_dop_0.0_samples_tcgaonly_ngene_var5000_norm_feat_flag_False
AE training epoch 0
AE training epoch 50
AE training epoch 100
AE training epoch 150
AE training epoch 200
AE training epoch 250
AE training epoch 300
AE training epoch 350
AE training epoch 400
AE training epoch 450
confounder wgan training epoch 0
confounder wgan training epoch 50
confounder wgan training epoch 100
confounder wgan training epoch 150
confounder wgan training epoch 200
confounder wgan training epoch 250
confounder wgan training epoch 300
confounder wgan training epoch 350
confounder wgan training epoch 400
confounder wgan training epoch 450
confounder wgan training epoch 500
confounder wgan training epoch 550
confounder wgan training epoch 600
confounder wgan training epoch 650
confounder wgan training epoch 700
confounder wgan training epoch 750
confounder wgan training epoch 800
confounder wgan training epoch 850
confounder wgan training epoch 900
confounder wgan training epoch 950
current config is Namespace(method='code_adv', norm_flag=True, gex_feature_file='/group/iorio/lucia/Multiomic_VAE/data_preprocessing/gene_expression_var5000_tcgaonly.csv.gz', samples='tcgaonly', ngene='var5000', root='/group/iorio/lucia/Multiomic_VAE/', norm_feat=True)
cuda
/group/iorio/lucia/Multiomic_VAE/output/model_save/code_adv_norm/pretrain_num_epochs_500_train_num_epochs_1000_dop_0.0_samples_tcgaonly_ngene_var5000_norm_feat_flag_True
AE training epoch 0
AE training epoch 50
AE training epoch 100
AE training epoch 150
AE training epoch 200
AE training epoch 250
AE training epoch 300
AE training epoch 350
AE training epoch 400
AE training epoch 450
confounder wgan training epoch 0
confounder wgan training epoch 50
confounder wgan training epoch 100
confounder wgan training epoch 150
confounder wgan training epoch 200
confounder wgan training epoch 250
confounder wgan training epoch 300
confounder wgan training epoch 350
confounder wgan training epoch 400
confounder wgan training epoch 450
confounder wgan training epoch 500
confounder wgan training epoch 550
confounder wgan training epoch 600
confounder wgan training epoch 650
confounder wgan training epoch 700
confounder wgan training epoch 750
confounder wgan training epoch 800
confounder wgan training epoch 850
confounder wgan training epoch 900
confounder wgan training epoch 950
current config is Namespace(method='code_adv', norm_flag=True, gex_feature_file='/group/iorio/lucia/Multiomic_VAE/data_preprocessing/gene_expression_all.csv.gz', samples='tcgaonly', ngene='all', root='/group/iorio/lucia/Multiomic_VAE/', norm_feat=False)
cuda
/group/iorio/lucia/Multiomic_VAE/output/model_save/code_adv_norm/pretrain_num_epochs_500_train_num_epochs_1000_dop_0.0_samples_tcgaonly_ngene_all_norm_feat_flag_False
AE training epoch 0
AE training epoch 50
AE training epoch 100
AE training epoch 150
AE training epoch 200
AE training epoch 250
AE training epoch 300
AE training epoch 350
AE training epoch 400
AE training epoch 450
confounder wgan training epoch 0
confounder wgan training epoch 50
confounder wgan training epoch 100
confounder wgan training epoch 150
confounder wgan training epoch 200
confounder wgan training epoch 250
confounder wgan training epoch 300
confounder wgan training epoch 350
confounder wgan training epoch 400
confounder wgan training epoch 450
confounder wgan training epoch 500
confounder wgan training epoch 550
confounder wgan training epoch 600
confounder wgan training epoch 650
confounder wgan training epoch 700
confounder wgan training epoch 750
confounder wgan training epoch 800
confounder wgan training epoch 850
confounder wgan training epoch 900
confounder wgan training epoch 950
current config is Namespace(method='code_adv', norm_flag=True, gex_feature_file='/group/iorio/lucia/Multiomic_VAE/data_preprocessing/gene_expression_all.csv.gz', samples='tcgaonly', ngene='all', root='/group/iorio/lucia/Multiomic_VAE/', norm_feat=True)
cuda
/group/iorio/lucia/Multiomic_VAE/output/model_save/code_adv_norm/pretrain_num_epochs_500_train_num_epochs_1000_dop_0.0_samples_tcgaonly_ngene_all_norm_feat_flag_True
AE training epoch 0
AE training epoch 50
AE training epoch 100
AE training epoch 150
AE training epoch 200
AE training epoch 250
AE training epoch 300
AE training epoch 350
AE training epoch 400
AE training epoch 450
confounder wgan training epoch 0
confounder wgan training epoch 50
confounder wgan training epoch 100
confounder wgan training epoch 150
confounder wgan training epoch 200
confounder wgan training epoch 250
confounder wgan training epoch 300
confounder wgan training epoch 350
confounder wgan training epoch 400
confounder wgan training epoch 450
confounder wgan training epoch 500
confounder wgan training epoch 550
confounder wgan training epoch 600
confounder wgan training epoch 650
confounder wgan training epoch 700
confounder wgan training epoch 750
confounder wgan training epoch 800
confounder wgan training epoch 850
confounder wgan training epoch 900
confounder wgan training epoch 950
current config is Namespace(method='code_adv', norm_flag=True, gex_feature_file='/group/iorio/lucia/Multiomic_VAE/data_preprocessing/gene_expression_var1000.csv.gz', samples='', ngene='var1000', root='/group/iorio/lucia/Multiomic_VAE/', norm_feat=False)
cuda
/group/iorio/lucia/Multiomic_VAE/output/model_save/code_adv_norm/pretrain_num_epochs_500_train_num_epochs_1000_dop_0.0_samples__ngene_var1000_norm_feat_flag_False
AE training epoch 0
AE training epoch 50
AE training epoch 100
AE training epoch 150
AE training epoch 200
AE training epoch 250
AE training epoch 300
AE training epoch 350
AE training epoch 400
AE training epoch 450
confounder wgan training epoch 0
confounder wgan training epoch 50
confounder wgan training epoch 100
confounder wgan training epoch 150
confounder wgan training epoch 200
confounder wgan training epoch 250
confounder wgan training epoch 300
confounder wgan training epoch 350
confounder wgan training epoch 400
confounder wgan training epoch 450
confounder wgan training epoch 500
confounder wgan training epoch 550
confounder wgan training epoch 600
confounder wgan training epoch 650
confounder wgan training epoch 700
confounder wgan training epoch 750
confounder wgan training epoch 800
confounder wgan training epoch 850
confounder wgan training epoch 900
confounder wgan training epoch 950
current config is Namespace(method='code_adv', norm_flag=True, gex_feature_file='/group/iorio/lucia/Multiomic_VAE/data_preprocessing/gene_expression_var1000.csv.gz', samples='', ngene='var1000', root='/group/iorio/lucia/Multiomic_VAE/', norm_feat=True)
cuda
/group/iorio/lucia/Multiomic_VAE/output/model_save/code_adv_norm/pretrain_num_epochs_500_train_num_epochs_1000_dop_0.0_samples__ngene_var1000_norm_feat_flag_True
AE training epoch 0
AE training epoch 50
AE training epoch 100
AE training epoch 150
AE training epoch 200
AE training epoch 250
AE training epoch 300
AE training epoch 350
AE training epoch 400
AE training epoch 450
confounder wgan training epoch 0
confounder wgan training epoch 50
confounder wgan training epoch 100
confounder wgan training epoch 150
confounder wgan training epoch 200
confounder wgan training epoch 250
confounder wgan training epoch 300
confounder wgan training epoch 350
confounder wgan training epoch 400
confounder wgan training epoch 450
confounder wgan training epoch 500
confounder wgan training epoch 550
confounder wgan training epoch 600
confounder wgan training epoch 650
confounder wgan training epoch 700
confounder wgan training epoch 750
confounder wgan training epoch 800
confounder wgan training epoch 850
confounder wgan training epoch 900
confounder wgan training epoch 950
current config is Namespace(method='code_adv', norm_flag=True, gex_feature_file='/group/iorio/lucia/Multiomic_VAE/data_preprocessing/gene_expression_var5000.csv.gz', samples='', ngene='var5000', root='/group/iorio/lucia/Multiomic_VAE/', norm_feat=False)
cuda
/group/iorio/lucia/Multiomic_VAE/output/model_save/code_adv_norm/pretrain_num_epochs_500_train_num_epochs_1000_dop_0.0_samples__ngene_var5000_norm_feat_flag_False
AE training epoch 0
AE training epoch 50
AE training epoch 100
AE training epoch 150
AE training epoch 200
AE training epoch 250
AE training epoch 300
AE training epoch 350
AE training epoch 400
AE training epoch 450
confounder wgan training epoch 0
confounder wgan training epoch 50
confounder wgan training epoch 100
confounder wgan training epoch 150
confounder wgan training epoch 200
confounder wgan training epoch 250
confounder wgan training epoch 300
confounder wgan training epoch 350
confounder wgan training epoch 400
confounder wgan training epoch 450
confounder wgan training epoch 500
confounder wgan training epoch 550
confounder wgan training epoch 600
confounder wgan training epoch 650
confounder wgan training epoch 700
confounder wgan training epoch 750
confounder wgan training epoch 800
confounder wgan training epoch 850
confounder wgan training epoch 900
confounder wgan training epoch 950
current config is Namespace(method='code_adv', norm_flag=True, gex_feature_file='/group/iorio/lucia/Multiomic_VAE/data_preprocessing/gene_expression_var5000.csv.gz', samples='', ngene='var5000', root='/group/iorio/lucia/Multiomic_VAE/', norm_feat=True)
cuda
/group/iorio/lucia/Multiomic_VAE/output/model_save/code_adv_norm/pretrain_num_epochs_500_train_num_epochs_1000_dop_0.0_samples__ngene_var5000_norm_feat_flag_True
AE training epoch 0
AE training epoch 50
AE training epoch 100
AE training epoch 150
AE training epoch 200
AE training epoch 250
AE training epoch 300
AE training epoch 350
AE training epoch 400
AE training epoch 450
confounder wgan training epoch 0
confounder wgan training epoch 50
confounder wgan training epoch 100
confounder wgan training epoch 150
confounder wgan training epoch 200
confounder wgan training epoch 250
confounder wgan training epoch 300
confounder wgan training epoch 350
confounder wgan training epoch 400
confounder wgan training epoch 450
confounder wgan training epoch 500
confounder wgan training epoch 550
confounder wgan training epoch 600
confounder wgan training epoch 650
confounder wgan training epoch 700
confounder wgan training epoch 750
confounder wgan training epoch 800
confounder wgan training epoch 850
confounder wgan training epoch 900
confounder wgan training epoch 950
current config is Namespace(method='code_adv', norm_flag=True, gex_feature_file='/group/iorio/lucia/Multiomic_VAE/data_preprocessing/gene_expression_all.csv.gz', samples='', ngene='all', root='/group/iorio/lucia/Multiomic_VAE/', norm_feat=False)
cuda
/group/iorio/lucia/Multiomic_VAE/output/model_save/code_adv_norm/pretrain_num_epochs_500_train_num_epochs_1000_dop_0.0_samples__ngene_all_norm_feat_flag_False
AE training epoch 0
AE training epoch 50
AE training epoch 100
AE training epoch 150
AE training epoch 200
AE training epoch 250
AE training epoch 300
AE training epoch 350
AE training epoch 400
AE training epoch 450
confounder wgan training epoch 0
confounder wgan training epoch 50
confounder wgan training epoch 100
confounder wgan training epoch 150
confounder wgan training epoch 200
confounder wgan training epoch 250
confounder wgan training epoch 300
confounder wgan training epoch 350
confounder wgan training epoch 400
confounder wgan training epoch 450
confounder wgan training epoch 500
confounder wgan training epoch 550
confounder wgan training epoch 600
confounder wgan training epoch 650
confounder wgan training epoch 700
confounder wgan training epoch 750
confounder wgan training epoch 800
confounder wgan training epoch 850
confounder wgan training epoch 900
confounder wgan training epoch 950
current config is Namespace(method='code_adv', norm_flag=True, gex_feature_file='/group/iorio/lucia/Multiomic_VAE/data_preprocessing/gene_expression_all.csv.gz', samples='', ngene='all', root='/group/iorio/lucia/Multiomic_VAE/', norm_feat=True)
cuda
/group/iorio/lucia/Multiomic_VAE/output/model_save/code_adv_norm/pretrain_num_epochs_500_train_num_epochs_1000_dop_0.0_samples__ngene_all_norm_feat_flag_True
AE training epoch 0
AE training epoch 50
AE training epoch 100
AE training epoch 150
AE training epoch 200
AE training epoch 250
AE training epoch 300
AE training epoch 350
AE training epoch 400
AE training epoch 450
confounder wgan training epoch 0
confounder wgan training epoch 50
confounder wgan training epoch 100
confounder wgan training epoch 150
confounder wgan training epoch 200
confounder wgan training epoch 250
confounder wgan training epoch 300
confounder wgan training epoch 350
confounder wgan training epoch 400
confounder wgan training epoch 450
confounder wgan training epoch 500
confounder wgan training epoch 550
confounder wgan training epoch 600
confounder wgan training epoch 650
confounder wgan training epoch 700
confounder wgan training epoch 750
confounder wgan training epoch 800
confounder wgan training epoch 850
confounder wgan training epoch 900
confounder wgan training epoch 950
